  Source.c
C:\Users\Szymon\source\repos\projekt2.1\projekt2.1\Source.c(31,38): warning C4047: 'function': 'const char *' differs in levels of indirection from 'char'
C:\Users\Szymon\source\repos\projekt2.1\projekt2.1\Source.c(31,27): warning C4024: 'fopen': different types for formal and actual parameter 1
C:\Users\Szymon\source\repos\projekt2.1\projekt2.1\Source.c(34,4): warning C4550: expression evaluates to a function which is missing an argument list
C:\Users\Szymon\source\repos\projekt2.1\projekt2.1\Source.c(44,4): warning C4550: expression evaluates to a function which is missing an argument list
C:\Users\Szymon\source\repos\projekt2.1\projekt2.1\Source.c(50,4): warning C4550: expression evaluates to a function which is missing an argument list
C:\Users\Szymon\source\repos\projekt2.1\projekt2.1\Source.c(60,27): warning C4047: 'function': 'FILE *' differs in levels of indirection from 'char'
C:\Users\Szymon\source\repos\projekt2.1\projekt2.1\Source.c(60,16): warning C4024: 'feof': different types for formal and actual parameter 1
C:\Users\Szymon\source\repos\projekt2.1\projekt2.1\Source.c(62,39): warning C4477: 'fscanf' : format string '%d' requires an argument of type 'int *', but variadic argument 1 has type 'int (*)[8][8]'
C:\Users\Szymon\source\repos\projekt2.1\projekt2.1\Source.c(64,14): warning C4047: 'function': 'const char *const ' differs in levels of indirection from 'int [8][8]'
C:\Users\Szymon\source\repos\projekt2.1\projekt2.1\Source.c(64,10): warning C4024: 'printf': different types for formal and actual parameter 1
C:\Users\Szymon\source\repos\projekt2.1\projekt2.1\Source.c(65,21): warning C4047: 'function': 'FILE *' differs in levels of indirection from 'char'
C:\Users\Szymon\source\repos\projekt2.1\projekt2.1\Source.c(65,10): warning C4024: 'fclose': different types for formal and actual parameter 1
C:\Users\Szymon\source\repos\projekt2.1\projekt2.1\Source.c(22,2): error C4996: 'scanf': This function or variable may be unsafe. Consider using scanf_s instead. To disable deprecation, use _CRT_SECURE_NO_WARNINGS. See online help for details.
C:\Users\Szymon\source\repos\projekt2.1\projekt2.1\Source.c(28,2): error C4996: 'scanf': This function or variable may be unsafe. Consider using scanf_s instead. To disable deprecation, use _CRT_SECURE_NO_WARNINGS. See online help for details.
C:\Users\Szymon\source\repos\projekt2.1\projekt2.1\Source.c(31,21): error C4996: 'fopen': This function or variable may be unsafe. Consider using fopen_s instead. To disable deprecation, use _CRT_SECURE_NO_WARNINGS. See online help for details.
C:\Users\Szymon\source\repos\projekt2.1\projekt2.1\Source.c(37,1): warning C4047: 'initializing': 'char' differs in levels of indirection from 'char [2]'
C:\Users\Szymon\source\repos\projekt2.1\projekt2.1\Source.c(40,3): error C4996: 'fscanf': This function or variable may be unsafe. Consider using fscanf_s instead. To disable deprecation, use _CRT_SECURE_NO_WARNINGS. See online help for details.
C:\Users\Szymon\source\repos\projekt2.1\projekt2.1\Source.c(46,3): error C4996: 'fscanf': This function or variable may be unsafe. Consider using fscanf_s instead. To disable deprecation, use _CRT_SECURE_NO_WARNINGS. See online help for details.
C:\Users\Szymon\source\repos\projekt2.1\projekt2.1\Source.c(52,3): error C4996: 'fscanf': This function or variable may be unsafe. Consider using fscanf_s instead. To disable deprecation, use _CRT_SECURE_NO_WARNINGS. See online help for details.
C:\Users\Szymon\source\repos\projekt2.1\projekt2.1\Source.c(62,15): error C4996: 'fscanf': This function or variable may be unsafe. Consider using fscanf_s instead. To disable deprecation, use _CRT_SECURE_NO_WARNINGS. See online help for details.
C:\Users\Szymon\source\repos\projekt2.1\projekt2.1\Source.c(113,3): error C4996: 'scanf': This function or variable may be unsafe. Consider using scanf_s instead. To disable deprecation, use _CRT_SECURE_NO_WARNINGS. See online help for details.
